# JRE version: Java(TM) SE Runtime Environment 18.9 (11.0.18+9) (build 11.0.18+9-LTS-195)
# Java VM: Java HotSpot(TM) 64-Bit Server VM 18.9 (11.0.18+9-LTS-195, mixed mode, tiered, compressed oops, g1 gc, windows-amd64)
Heap:
 garbage-first heap   total 261120K, used 86120K [0x0000000751200000, 0x0000000800000000)
  region size 1024K, 12 young (12288K), 12 survivors (12288K)
 Metaspace       used 70790K, capacity 71705K, committed 71888K, reserved 1114112K
  class space    used 7881K, capacity 8238K, committed 8320K, reserved 1048576K
GC Heap History (10 events):
Event: 9.612 GC heap after
{Heap after GC invocations=7 (full 0):
 garbage-first heap   total 180224K, used 29913K [0x0000000751200000, 0x0000000800000000)
  region size 1024K, 8 young (8192K), 8 survivors (8192K)
 Metaspace       used 46388K, capacity 46965K, committed 47056K, reserved 1091584K
  class space    used 5501K, capacity 5749K, committed 5760K, reserved 1048576K
}
Event: 14.486 GC heap before
{Heap before GC invocations=8 (full 0):
 garbage-first heap   total 180224K, used 100569K [0x0000000751200000, 0x0000000800000000)
  region size 1024K, 74 young (75776K), 8 survivors (8192K)
 Metaspace       used 55151K, capacity 55824K, committed 56016K, reserved 1099776K
  class space    used 6436K, capacity 6701K, committed 6784K, reserved 1048576K
}
Event: 14.515 GC heap after
{Heap after GC invocations=9 (full 0):
 garbage-first heap   total 217088K, used 39832K [0x0000000751200000, 0x0000000800000000)
  region size 1024K, 8 young (8192K), 8 survivors (8192K)
 Metaspace       used 55151K, capacity 55824K, committed 56016K, reserved 1099776K
  class space    used 6436K, capacity 6701K, committed 6784K, reserved 1048576K
}
Event: 20.793 GC heap before
{Heap before GC invocations=9 (full 0):
 garbage-first heap   total 217088K, used 135064K [0x0000000751200000, 0x0000000800000000)
  region size 1024K, 101 young (103424K), 8 survivors (8192K)
 Metaspace       used 60148K, capacity 60884K, committed 61136K, reserved 1103872K
  class space    used 6901K, capacity 7209K, committed 7296K, reserved 1048576K
}
Event: 20.847 GC heap after
{Heap after GC invocations=10 (full 0):
 garbage-first heap   total 217088K, used 55873K [0x0000000751200000, 0x0000000800000000)
  region size 1024K, 13 young (13312K), 13 survivors (13312K)
 Metaspace       used 60148K, capacity 60884K, committed 61136K, reserved 1103872K
  class space    used 6901K, capacity 7209K, committed 7296K, reserved 1048576K
}
Event: 22.822 GC heap before
{Heap before GC invocations=10 (full 0):
 garbage-first heap   total 217088K, used 130625K [0x0000000751200000, 0x0000000800000000)
  region size 1024K, 86 young (88064K), 13 survivors (13312K)
 Metaspace       used 60417K, capacity 61152K, committed 61392K, reserved 1103872K
  class space    used 6919K, capacity 7213K, committed 7296K, reserved 1048576K
}
Event: 22.877 GC heap after
{Heap after GC invocations=11 (full 0):
 garbage-first heap   total 217088K, used 63488K [0x0000000751200000, 0x0000000800000000)
  region size 1024K, 7 young (7168K), 7 survivors (7168K)
 Metaspace       used 60417K, capacity 61152K, committed 61392K, reserved 1103872K
  class space    used 6919K, capacity 7213K, committed 7296K, reserved 1048576K
}
Event: 30.728 GC heap before
{Heap before GC invocations=11 (full 0):
 garbage-first heap   total 217088K, used 147456K [0x0000000751200000, 0x0000000800000000)
  region size 1024K, 89 young (91136K), 7 survivors (7168K)
 Metaspace       used 69046K, capacity 69949K, committed 70096K, reserved 1112064K
  class space    used 7828K, capacity 8198K, committed 8320K, reserved 1048576K
}
Event: 30.766 GC heap after
{Heap after GC invocations=12 (full 0):
 garbage-first heap   total 217088K, used 73728K [0x0000000751200000, 0x0000000800000000)
  region size 1024K, 12 young (12288K), 12 survivors (12288K)
 Metaspace       used 69046K, capacity 69949K, committed 70096K, reserved 1112064K
  class space    used 7828K, capacity 8198K, committed 8320K, reserved 1048576K
}
Event: 37.470 GC heap before
{Heap before GC invocations=12 (full 0):
 garbage-first heap   total 217088K, used 156672K [0x0000000751200000, 0x0000000800000000)
  region size 1024K, 92 young (94208K), 12 survivors (12288K)
 Metaspace       used 70790K, capacity 71705K, committed 71888K, reserved 1114112K
  class space    used 7881K, capacity 8238K, committed 8320K, reserved 1048576K
}

