# JRE version: Java(TM) SE Runtime Environment 18.9 (11.0.18+9) (build 11.0.18+9-LTS-195)
# Java VM: Java HotSpot(TM) 64-Bit Server VM 18.9 (11.0.18+9-LTS-195, mixed mode, tiered, compressed oops, g1 gc, windows-amd64)
Heap:
 garbage-first heap   total 261120K, used 161280K [0x0000000751200000, 0x0000000800000000)
  region size 1024K, 59 young (60416K), 10 survivors (10240K)
 Metaspace       used 89579K, capacity 90617K, committed 90744K, reserved 1130496K
  class space    used 9668K, capacity 10068K, committed 10112K, reserved 1048576K
GC Heap History (10 events):
Event: 26.332 GC heap before
{Heap before GC invocations=10 (full 0):
 garbage-first heap   total 217088K, used 149851K [0x0000000751200000, 0x0000000800000000)
  region size 1024K, 102 young (104448K), 13 survivors (13312K)
 Metaspace       used 65388K, capacity 66285K, committed 66384K, reserved 1107968K
  class space    used 7514K, capacity 7881K, committed 7936K, reserved 1048576K
}
Event: 26.381 GC heap after
{Heap after GC invocations=11 (full 0):
 garbage-first heap   total 217088K, used 67030K [0x0000000751200000, 0x0000000800000000)
  region size 1024K, 8 young (8192K), 8 survivors (8192K)
 Metaspace       used 65388K, capacity 66285K, committed 66384K, reserved 1107968K
  class space    used 7514K, capacity 7881K, committed 7936K, reserved 1048576K
}
Event: 36.417 GC heap before
{Heap before GC invocations=11 (full 0):
 garbage-first heap   total 217088K, used 157142K [0x0000000751200000, 0x0000000800000000)
  region size 1024K, 96 young (98304K), 8 survivors (8192K)
 Metaspace       used 70273K, capacity 71173K, committed 71376K, reserved 1112064K
  class space    used 7859K, capacity 8235K, committed 8320K, reserved 1048576K
}
Event: 36.474 GC heap after
{Heap after GC invocations=12 (full 0):
 garbage-first heap   total 217088K, used 80384K [0x0000000751200000, 0x0000000800000000)
  region size 1024K, 12 young (12288K), 12 survivors (12288K)
 Metaspace       used 70273K, capacity 71173K, committed 71376K, reserved 1112064K
  class space    used 7859K, capacity 8235K, committed 8320K, reserved 1048576K
}
Event: 47.452 GC heap before
{Heap before GC invocations=12 (full 0):
 garbage-first heap   total 217088K, used 165376K [0x0000000751200000, 0x0000000800000000)
  region size 1024K, 92 young (94208K), 12 survivors (12288K)
 Metaspace       used 72200K, capacity 73100K, committed 73296K, reserved 1114112K
  class space    used 7976K, capacity 8339K, committed 8448K, reserved 1048576K
}
Event: 47.500 GC heap after
{Heap after GC invocations=13 (full 0):
 garbage-first heap   total 261120K, used 91136K [0x0000000751200000, 0x0000000800000000)
  region size 1024K, 8 young (8192K), 8 survivors (8192K)
 Metaspace       used 72200K, capacity 73100K, committed 73296K, reserved 1114112K
  class space    used 7976K, capacity 8339K, committed 8448K, reserved 1048576K
}
Event: 52.883 GC heap before
{Heap before GC invocations=13 (full 0):
 garbage-first heap   total 261120K, used 184320K [0x0000000751200000, 0x0000000800000000)
  region size 1024K, 100 young (102400K), 8 survivors (8192K)
 Metaspace       used 82625K, capacity 83583K, committed 83760K, reserved 1124352K
  class space    used 8990K, capacity 9388K, committed 9472K, reserved 1048576K
}
Event: 52.931 GC heap after
{Heap after GC invocations=14 (full 0):
 garbage-first heap   total 261120K, used 104960K [0x0000000751200000, 0x0000000800000000)
  region size 1024K, 13 young (13312K), 13 survivors (13312K)
 Metaspace       used 82625K, capacity 83583K, committed 83760K, reserved 1124352K
  class space    used 8990K, capacity 9388K, committed 9472K, reserved 1048576K
}
Event: 56.397 GC heap before
{Heap before GC invocations=15 (full 0):
 garbage-first heap   total 261120K, used 193024K [0x0000000751200000, 0x0000000800000000)
  region size 1024K, 101 young (103424K), 13 survivors (13312K)
 Metaspace       used 88819K, capacity 89779K, committed 89976K, reserved 1130496K
  class space    used 9608K, capacity 10002K, committed 10112K, reserved 1048576K
}
Event: 56.442 GC heap after
{Heap after GC invocations=16 (full 0):
 garbage-first heap   total 261120K, used 112128K [0x0000000751200000, 0x0000000800000000)
  region size 1024K, 10 young (10240K), 10 survivors (10240K)
 Metaspace       used 88819K, capacity 89779K, committed 89976K, reserved 1130496K
  class space    used 9608K, capacity 10002K, committed 10112K, reserved 1048576K
}

